c:\users\polo\documents\workspace\amuse\window_build\core\amusecore.dir\debug\vc143.pdb
c:\users\polo\documents\workspace\amuse\window_build\core\amusecore.dir\debug\imgui_impl_sdl2.obj
c:\users\polo\documents\workspace\amuse\window_build\core\amusecore.dir\debug\imgui_impl_opengl3.obj
c:\users\polo\documents\workspace\amuse\window_build\core\amusecore.dir\debug\glad.obj
c:\users\polo\documents\workspace\amuse\window_build\core\amusecore.dir\debug\window.obj
c:\users\polo\documents\workspace\amuse\window_build\core\amusecore.dir\debug\quat.obj
c:\users\polo\documents\workspace\amuse\window_build\core\amusecore.dir\debug\mat4.obj
c:\users\polo\documents\workspace\amuse\window_build\core\amusecore.dir\debug\input.obj
c:\users\polo\documents\workspace\amuse\window_build\core\amusecore.dir\debug\graphic_manager.obj
c:\users\polo\documents\workspace\amuse\window_build\core\amusecore.dir\debug\wire_batch.obj
c:\users\polo\documents\workspace\amuse\window_build\core\amusecore.dir\debug\texture.obj
c:\users\polo\documents\workspace\amuse\window_build\core\amusecore.dir\debug\shader.obj
c:\users\polo\documents\workspace\amuse\window_build\core\amusecore.dir\debug\mesh.obj
c:\users\polo\documents\workspace\amuse\window_build\core\amusecore.dir\debug\gl.obj
c:\users\polo\documents\workspace\amuse\window_build\core\amusecore.dir\debug\engine.obj
c:\users\polo\documents\workspace\amuse\window_build\core\amusecore.dir\debug\transform.obj
c:\users\polo\documents\workspace\amuse\window_build\core\amusecore.dir\debug\component_registry.obj
c:\users\polo\documents\workspace\amuse\window_build\core\amusecore.dir\debug\component.obj
c:\users\polo\documents\workspace\amuse\window_build\core\amusecore.dir\debug\asset_manager.obj
c:\users\polo\documents\workspace\amuse\window_build\core\amusecore.dir\debug\actor.obj
c:\users\polo\documents\workspace\amuse\window_build\core\amusecore.dir\debug\core.obj
c:\users\polo\documents\workspace\amuse\window_build\core\amusecore.dir\debug\types.obj
c:\users\polo\documents\workspace\amuse\window_build\core\amusecore.dir\debug\logger.obj
c:\users\polo\documents\workspace\amuse\window_build\core\amusecore.dir\debug\imgui_stdlib.obj
c:\users\polo\documents\workspace\amuse\window_build\core\amusecore.dir\debug\imgui_widgets.obj
c:\users\polo\documents\workspace\amuse\window_build\core\amusecore.dir\debug\imgui_tables.obj
c:\users\polo\documents\workspace\amuse\window_build\core\amusecore.dir\debug\imgui_draw.obj
c:\users\polo\documents\workspace\amuse\window_build\core\amusecore.dir\debug\imgui_demo.obj
c:\users\polo\documents\workspace\amuse\window_build\core\amusecore.dir\debug\imgui.obj
c:\users\polo\documents\workspace\amuse\window_build\core\cmakefiles\generate.stamp
c:\users\polo\documents\workspace\amuse\window_build\core\debug\amusecore.dll
c:\users\polo\documents\workspace\amuse\window_build\core\debug\amusecore.pdb
c:\users\polo\documents\workspace\amuse\window_build\core\debug\amusecore.lib
c:\users\polo\documents\workspace\amuse\window_build\core\debug\amusecore.exp
c:\users\polo\documents\workspace\amuse\window_build\core\amusecore.dir\debug\amusecore.ilk
c:\users\polo\documents\workspace\amuse\window_build\core\amusecore.dir\debug\amusecore.tlog\cl.command.1.tlog
c:\users\polo\documents\workspace\amuse\window_build\core\amusecore.dir\debug\amusecore.tlog\cl.items.tlog
c:\users\polo\documents\workspace\amuse\window_build\core\amusecore.dir\debug\amusecore.tlog\cl.read.1.tlog
c:\users\polo\documents\workspace\amuse\window_build\core\amusecore.dir\debug\amusecore.tlog\cl.write.1.tlog
c:\users\polo\documents\workspace\amuse\window_build\core\amusecore.dir\debug\amusecore.tlog\custombuild.command.1.tlog
c:\users\polo\documents\workspace\amuse\window_build\core\amusecore.dir\debug\amusecore.tlog\custombuild.read.1.tlog
c:\users\polo\documents\workspace\amuse\window_build\core\amusecore.dir\debug\amusecore.tlog\custombuild.write.1.tlog
c:\users\polo\documents\workspace\amuse\window_build\core\amusecore.dir\debug\amusecore.tlog\link.command.1.tlog
c:\users\polo\documents\workspace\amuse\window_build\core\amusecore.dir\debug\amusecore.tlog\link.read.1.tlog
c:\users\polo\documents\workspace\amuse\window_build\core\amusecore.dir\debug\amusecore.tlog\link.secondary.1.tlog
c:\users\polo\documents\workspace\amuse\window_build\core\amusecore.dir\debug\amusecore.tlog\link.write.1.tlog
