c:\users\polo\documents\workspace\amuse\window_build\amuseeditor.dir\debug\vc143.pdb
c:\users\polo\documents\workspace\amuse\window_build\amuseeditor.dir\debug\visual_node.obj
c:\users\polo\documents\workspace\amuse\window_build\amuseeditor.dir\debug\visual_component.obj
c:\users\polo\documents\workspace\amuse\window_build\amuseeditor.dir\debug\main.obj
c:\users\polo\documents\workspace\amuse\window_build\amuseeditor.dir\debug\loader.obj
c:\users\polo\documents\workspace\amuse\window_build\amuseeditor.dir\debug\transform.obj
c:\users\polo\documents\workspace\amuse\window_build\amuseeditor.dir\debug\icons.obj
c:\users\polo\documents\workspace\amuse\window_build\amuseeditor.dir\debug\scene.obj
c:\users\polo\documents\workspace\amuse\window_build\amuseeditor.dir\debug\preferences.obj
c:\users\polo\documents\workspace\amuse\window_build\amuseeditor.dir\debug\inspector.obj
c:\users\polo\documents\workspace\amuse\window_build\amuseeditor.dir\debug\hierarchy.obj
c:\users\polo\documents\workspace\amuse\window_build\amuseeditor.dir\debug\files.obj
c:\users\polo\documents\workspace\amuse\window_build\amuseeditor.dir\debug\console.obj
c:\users\polo\documents\workspace\amuse\window_build\amuseeditor.dir\debug\ui.obj
c:\users\polo\documents\workspace\amuse\window_build\amuseeditor.dir\debug\style.obj
c:\users\polo\documents\workspace\amuse\window_build\amuseeditor.dir\debug\editor_window.obj
c:\users\polo\documents\workspace\amuse\window_build\amuseeditor.dir\debug\editor.obj
c:\users\polo\documents\workspace\amuse\window_build\amuseeditor.dir\debug\debug_component.obj
c:\users\polo\documents\workspace\amuse\window_build\amuseeditor.dir\debug\create_project.obj
c:\users\polo\documents\workspace\amuse\window_build\cmakefiles\generate.stamp
c:\users\polo\documents\workspace\amuse\window_build\debug\amuseeditor.pdb
c:\users\polo\documents\workspace\amuse\window_build\amuseeditor.dir\debug\amuseeditor.tlog\cl.command.1.tlog
c:\users\polo\documents\workspace\amuse\window_build\amuseeditor.dir\debug\amuseeditor.tlog\cl.read.1.tlog
c:\users\polo\documents\workspace\amuse\window_build\amuseeditor.dir\debug\amuseeditor.tlog\cl.write.1.tlog
c:\users\polo\documents\workspace\amuse\window_build\amuseeditor.dir\debug\amuseeditor.tlog\custombuild.command.1.tlog
c:\users\polo\documents\workspace\amuse\window_build\amuseeditor.dir\debug\amuseeditor.tlog\custombuild.read.1.tlog
c:\users\polo\documents\workspace\amuse\window_build\amuseeditor.dir\debug\amuseeditor.tlog\custombuild.write.1.tlog
c:\users\polo\documents\workspace\amuse\window_build\amuseeditor.dir\debug\amuseeditor.tlog\link-cvtres.read.1.tlog
c:\users\polo\documents\workspace\amuse\window_build\amuseeditor.dir\debug\amuseeditor.tlog\link-cvtres.write.1.tlog
c:\users\polo\documents\workspace\amuse\window_build\amuseeditor.dir\debug\amuseeditor.tlog\link-rc.read.1.tlog
c:\users\polo\documents\workspace\amuse\window_build\amuseeditor.dir\debug\amuseeditor.tlog\link-rc.write.1.tlog
c:\users\polo\documents\workspace\amuse\window_build\amuseeditor.dir\debug\amuseeditor.tlog\link.command.1.tlog
c:\users\polo\documents\workspace\amuse\window_build\amuseeditor.dir\debug\amuseeditor.tlog\link.read.1.tlog
c:\users\polo\documents\workspace\amuse\window_build\amuseeditor.dir\debug\amuseeditor.tlog\link.read.2.tlog
c:\users\polo\documents\workspace\amuse\window_build\amuseeditor.dir\debug\amuseeditor.tlog\link.read.3.tlog
c:\users\polo\documents\workspace\amuse\window_build\amuseeditor.dir\debug\amuseeditor.tlog\link.read.4.tlog
c:\users\polo\documents\workspace\amuse\window_build\amuseeditor.dir\debug\amuseeditor.tlog\link.write.1.tlog
